Symlinking /home/giovanni/mav_ws/devel/share/gennodejs/ros/drone_controller/_index.js
Symlinking /home/giovanni/mav_ws/devel/share/gennodejs/ros/drone_controller/srv/_index.js
Symlinking /home/giovanni/mav_ws/devel/share/gennodejs/ros/drone_controller/srv/GoToPoint.js
Symlinking /home/giovanni/mav_ws/devel/share/gennodejs/ros/drone_controller/srv/TakeOff.js
Symlinking /home/giovanni/mav_ws/devel/share/gennodejs/ros/drone_controller/srv/Land.js
Symlinking /home/giovanni/mav_ws/devel/share/gennodejs/ros/drone_controller/srv/GoHome.js
Symlinking /home/giovanni/mav_ws/devel/share/common-lisp/ros/drone_controller/srv/GoToPoint.lisp
Symlinking /home/giovanni/mav_ws/devel/share/common-lisp/ros/drone_controller/srv/_package_TakeOff.lisp
Symlinking /home/giovanni/mav_ws/devel/share/common-lisp/ros/drone_controller/srv/drone_controller-srv.asd
Symlinking /home/giovanni/mav_ws/devel/share/common-lisp/ros/drone_controller/srv/Land.lisp
Symlinking /home/giovanni/mav_ws/devel/share/common-lisp/ros/drone_controller/srv/_package.lisp
Symlinking /home/giovanni/mav_ws/devel/share/common-lisp/ros/drone_controller/srv/GoHome.lisp
Symlinking /home/giovanni/mav_ws/devel/share/common-lisp/ros/drone_controller/srv/_package_GoToPoint.lisp
Symlinking /home/giovanni/mav_ws/devel/share/common-lisp/ros/drone_controller/srv/_package_GoHome.lisp
Symlinking /home/giovanni/mav_ws/devel/share/common-lisp/ros/drone_controller/srv/_package_Land.lisp
Symlinking /home/giovanni/mav_ws/devel/share/common-lisp/ros/drone_controller/srv/TakeOff.lisp
Symlinking /home/giovanni/mav_ws/devel/share/drone_controller/docs/ParamsConfig.wikidoc
Symlinking /home/giovanni/mav_ws/devel/share/drone_controller/docs/ParamsConfig-usage.dox
Symlinking /home/giovanni/mav_ws/devel/share/drone_controller/docs/ParamsConfig.dox
Symlinking /home/giovanni/mav_ws/devel/share/drone_controller/cmake/drone_controller-msg-paths.cmake
Symlinking /home/giovanni/mav_ws/devel/share/drone_controller/cmake/drone_controllerConfig-version.cmake
Symlinking /home/giovanni/mav_ws/devel/share/drone_controller/cmake/drone_controllerConfig.cmake
Symlinking /home/giovanni/mav_ws/devel/share/drone_controller/cmake/drone_controller-msg-extras.cmake
Symlinking /home/giovanni/mav_ws/devel/share/roseus/ros/drone_controller/manifest.l
Symlinking /home/giovanni/mav_ws/devel/share/roseus/ros/drone_controller/srv/TakeOff.l
Symlinking /home/giovanni/mav_ws/devel/share/roseus/ros/drone_controller/srv/Land.l
Symlinking /home/giovanni/mav_ws/devel/share/roseus/ros/drone_controller/srv/GoHome.l
Symlinking /home/giovanni/mav_ws/devel/share/roseus/ros/drone_controller/srv/GoToPoint.l
Symlinking /home/giovanni/mav_ws/devel/lib/python3/dist-packages/drone_controller/__init__.py
Symlinking /home/giovanni/mav_ws/devel/lib/python3/dist-packages/drone_controller/srv/_Land.py
Symlinking /home/giovanni/mav_ws/devel/lib/python3/dist-packages/drone_controller/srv/_GoHome.py
Symlinking /home/giovanni/mav_ws/devel/lib/python3/dist-packages/drone_controller/srv/_TakeOff.py
Symlinking /home/giovanni/mav_ws/devel/lib/python3/dist-packages/drone_controller/srv/_GoToPoint.py
Symlinking /home/giovanni/mav_ws/devel/lib/python3/dist-packages/drone_controller/srv/__init__.py
Symlinking /home/giovanni/mav_ws/devel/lib/python3/dist-packages/drone_controller/cfg/ParamsConfig.py
Symlinking /home/giovanni/mav_ws/devel/lib/python3/dist-packages/drone_controller/cfg/__init__.py
Symlinking /home/giovanni/mav_ws/devel/lib/pkgconfig/drone_controller.pc
Symlinking /home/giovanni/mav_ws/devel/include/drone_controller/ParamsConfig.h
Symlinking /home/giovanni/mav_ws/devel/include/drone_controller/GoHomeResponse.h
Symlinking /home/giovanni/mav_ws/devel/include/drone_controller/TakeOff.h
Symlinking /home/giovanni/mav_ws/devel/include/drone_controller/TakeOffResponse.h
Symlinking /home/giovanni/mav_ws/devel/include/drone_controller/LandRequest.h
Symlinking /home/giovanni/mav_ws/devel/include/drone_controller/Land.h
Symlinking /home/giovanni/mav_ws/devel/include/drone_controller/TakeOffRequest.h
Symlinking /home/giovanni/mav_ws/devel/include/drone_controller/GoHome.h
Symlinking /home/giovanni/mav_ws/devel/include/drone_controller/GoHomeRequest.h
Symlinking /home/giovanni/mav_ws/devel/include/drone_controller/GoToPointRequest.h
Symlinking /home/giovanni/mav_ws/devel/include/drone_controller/GoToPointResponse.h
Symlinking /home/giovanni/mav_ws/devel/include/drone_controller/GoToPoint.h
Symlinking /home/giovanni/mav_ws/devel/include/drone_controller/LandResponse.h
