[35m[1mScanning dependencies of target _drone_controller_generate_messages_check_deps_TakeOff[0m
[35m[1mScanning dependencies of target _drone_controller_generate_messages_check_deps_GoToPoint[0m
[35m[1mScanning dependencies of target _drone_controller_generate_messages_check_deps_GoHome[0m
[35m[1mScanning dependencies of target geometry_msgs_generate_messages_nodejs[0m
[35m[1mScanning dependencies of target _drone_controller_generate_messages_check_deps_Land[0m
[35m[1mScanning dependencies of target geometry_msgs_generate_messages_py[0m
[35m[1mScanning dependencies of target geometry_msgs_generate_messages_lisp[0m
[  0%] Built target geometry_msgs_generate_messages_py
[  0%] Built target geometry_msgs_generate_messages_nodejs
[  0%] Built target geometry_msgs_generate_messages_lisp
[35m[1mScanning dependencies of target geometry_msgs_generate_messages_cpp[0m
[35m[1mScanning dependencies of target geometry_msgs_generate_messages_eus[0m
[35m[1mScanning dependencies of target drone_controller_gencfg[0m
[  0%] Built target geometry_msgs_generate_messages_cpp
[  0%] Built target geometry_msgs_generate_messages_eus
[  4%] [34m[1mGenerating dynamic reconfigure files from cfg/Params.cfg: /home/giovanni/mav_ws/devel/.private/drone_controller/include/drone_controller/ParamsConfig.h /home/giovanni/mav_ws/devel/.private/drone_controller/lib/python3/dist-packages/drone_controller/cfg/ParamsConfig.py[0m
[  4%] Built target _drone_controller_generate_messages_check_deps_TakeOff
[  4%] Built target _drone_controller_generate_messages_check_deps_GoToPoint
[  4%] Built target _drone_controller_generate_messages_check_deps_GoHome
[  4%] Built target _drone_controller_generate_messages_check_deps_Land
[35m[1mScanning dependencies of target drone_controller_generate_messages_py[0m
[35m[1mScanning dependencies of target drone_controller_generate_messages_lisp[0m
[35m[1mScanning dependencies of target drone_controller_generate_messages_eus[0m
[35m[1mScanning dependencies of target drone_controller_generate_messages_cpp[0m
[35m[1mScanning dependencies of target drone_controller_generate_messages_nodejs[0m
[ 13%] [34m[1mGenerating Python code from SRV drone_controller/TakeOff[0m
[ 13%] [34m[1mGenerating Python code from SRV drone_controller/Land[0m
[ 21%] [34m[1mGenerating C++ code from drone_controller/TakeOff.srv[0m
[ 21%] [34m[1mGenerating Javascript code from drone_controller/TakeOff.srv[0m
[ 26%] [34m[1mGenerating EusLisp code from drone_controller/TakeOff.srv[0m
[ 30%] [34m[1mGenerating Lisp code from drone_controller/TakeOff.srv[0m
Generating reconfiguration files for Params in drone_controller
[ 34%] [34m[1mGenerating Lisp code from drone_controller/Land.srv[0m
[ 39%] [34m[1mGenerating Javascript code from drone_controller/Land.srv[0m
Wrote header file in /home/giovanni/mav_ws/devel/.private/drone_controller/include/drone_controller/ParamsConfig.h
[ 43%] [34m[1mGenerating EusLisp code from drone_controller/Land.srv[0m
[ 47%] [34m[1mGenerating Lisp code from drone_controller/GoToPoint.srv[0m
[ 52%] [34m[1mGenerating Javascript code from drone_controller/GoToPoint.srv[0m
[ 52%] Built target drone_controller_gencfg
[ 56%] [34m[1mGenerating C++ code from drone_controller/Land.srv[0m
[ 60%] [34m[1mGenerating Lisp code from drone_controller/GoHome.srv[0m
[ 65%] [34m[1mGenerating Javascript code from drone_controller/GoHome.srv[0m
[ 69%] [34m[1mGenerating EusLisp code from drone_controller/GoToPoint.srv[0m
[ 73%] [34m[1mGenerating EusLisp code from drone_controller/GoHome.srv[0m
[ 78%] [34m[1mGenerating Python code from SRV drone_controller/GoToPoint[0m
[ 82%] [34m[1mGenerating C++ code from drone_controller/GoToPoint.srv[0m
[ 82%] Built target drone_controller_generate_messages_lisp
[ 82%] Built target drone_controller_generate_messages_nodejs
[ 86%] [34m[1mGenerating Python code from SRV drone_controller/GoHome[0m
[ 91%] [34m[1mGenerating C++ code from drone_controller/GoHome.srv[0m
[ 95%] [34m[1mGenerating EusLisp manifest code for drone_controller[0m
[100%] [34m[1mGenerating Python srv __init__.py for drone_controller[0m
[100%] Built target drone_controller_generate_messages_cpp
[100%] Built target drone_controller_generate_messages_py
[100%] Built target drone_controller_generate_messages_eus
[35m[1mScanning dependencies of target drone_controller_generate_messages[0m
[100%] Built target drone_controller_generate_messages
