Linked: (/home/giovanni/mav_ws/devel/.private/drone_controller/share/gennodejs/ros/drone_controller/_index.js, /home/giovanni/mav_ws/devel/share/gennodejs/ros/drone_controller/_index.js)
Linked: (/home/giovanni/mav_ws/devel/.private/drone_controller/share/gennodejs/ros/drone_controller/srv/_index.js, /home/giovanni/mav_ws/devel/share/gennodejs/ros/drone_controller/srv/_index.js)
Linked: (/home/giovanni/mav_ws/devel/.private/drone_controller/share/gennodejs/ros/drone_controller/srv/GoToPoint.js, /home/giovanni/mav_ws/devel/share/gennodejs/ros/drone_controller/srv/GoToPoint.js)
Linked: (/home/giovanni/mav_ws/devel/.private/drone_controller/share/gennodejs/ros/drone_controller/srv/TakeOff.js, /home/giovanni/mav_ws/devel/share/gennodejs/ros/drone_controller/srv/TakeOff.js)
Linked: (/home/giovanni/mav_ws/devel/.private/drone_controller/share/gennodejs/ros/drone_controller/srv/Land.js, /home/giovanni/mav_ws/devel/share/gennodejs/ros/drone_controller/srv/Land.js)
Linked: (/home/giovanni/mav_ws/devel/.private/drone_controller/share/gennodejs/ros/drone_controller/srv/GoHome.js, /home/giovanni/mav_ws/devel/share/gennodejs/ros/drone_controller/srv/GoHome.js)
Linked: (/home/giovanni/mav_ws/devel/.private/drone_controller/share/common-lisp/ros/drone_controller/srv/GoToPoint.lisp, /home/giovanni/mav_ws/devel/share/common-lisp/ros/drone_controller/srv/GoToPoint.lisp)
Linked: (/home/giovanni/mav_ws/devel/.private/drone_controller/share/common-lisp/ros/drone_controller/srv/_package_TakeOff.lisp, /home/giovanni/mav_ws/devel/share/common-lisp/ros/drone_controller/srv/_package_TakeOff.lisp)
Linked: (/home/giovanni/mav_ws/devel/.private/drone_controller/share/common-lisp/ros/drone_controller/srv/drone_controller-srv.asd, /home/giovanni/mav_ws/devel/share/common-lisp/ros/drone_controller/srv/drone_controller-srv.asd)
Linked: (/home/giovanni/mav_ws/devel/.private/drone_controller/share/common-lisp/ros/drone_controller/srv/Land.lisp, /home/giovanni/mav_ws/devel/share/common-lisp/ros/drone_controller/srv/Land.lisp)
Linked: (/home/giovanni/mav_ws/devel/.private/drone_controller/share/common-lisp/ros/drone_controller/srv/_package.lisp, /home/giovanni/mav_ws/devel/share/common-lisp/ros/drone_controller/srv/_package.lisp)
Linked: (/home/giovanni/mav_ws/devel/.private/drone_controller/share/common-lisp/ros/drone_controller/srv/GoHome.lisp, /home/giovanni/mav_ws/devel/share/common-lisp/ros/drone_controller/srv/GoHome.lisp)
Linked: (/home/giovanni/mav_ws/devel/.private/drone_controller/share/common-lisp/ros/drone_controller/srv/_package_GoToPoint.lisp, /home/giovanni/mav_ws/devel/share/common-lisp/ros/drone_controller/srv/_package_GoToPoint.lisp)
Linked: (/home/giovanni/mav_ws/devel/.private/drone_controller/share/common-lisp/ros/drone_controller/srv/_package_GoHome.lisp, /home/giovanni/mav_ws/devel/share/common-lisp/ros/drone_controller/srv/_package_GoHome.lisp)
Linked: (/home/giovanni/mav_ws/devel/.private/drone_controller/share/common-lisp/ros/drone_controller/srv/_package_Land.lisp, /home/giovanni/mav_ws/devel/share/common-lisp/ros/drone_controller/srv/_package_Land.lisp)
Linked: (/home/giovanni/mav_ws/devel/.private/drone_controller/share/common-lisp/ros/drone_controller/srv/TakeOff.lisp, /home/giovanni/mav_ws/devel/share/common-lisp/ros/drone_controller/srv/TakeOff.lisp)
Linked: (/home/giovanni/mav_ws/devel/.private/drone_controller/share/drone_controller/docs/ParamsConfig.wikidoc, /home/giovanni/mav_ws/devel/share/drone_controller/docs/ParamsConfig.wikidoc)
Linked: (/home/giovanni/mav_ws/devel/.private/drone_controller/share/drone_controller/docs/ParamsConfig-usage.dox, /home/giovanni/mav_ws/devel/share/drone_controller/docs/ParamsConfig-usage.dox)
Linked: (/home/giovanni/mav_ws/devel/.private/drone_controller/share/drone_controller/docs/ParamsConfig.dox, /home/giovanni/mav_ws/devel/share/drone_controller/docs/ParamsConfig.dox)
Linked: (/home/giovanni/mav_ws/devel/.private/drone_controller/share/drone_controller/cmake/drone_controller-msg-paths.cmake, /home/giovanni/mav_ws/devel/share/drone_controller/cmake/drone_controller-msg-paths.cmake)
Linked: (/home/giovanni/mav_ws/devel/.private/drone_controller/share/drone_controller/cmake/drone_controllerConfig-version.cmake, /home/giovanni/mav_ws/devel/share/drone_controller/cmake/drone_controllerConfig-version.cmake)
Linked: (/home/giovanni/mav_ws/devel/.private/drone_controller/share/drone_controller/cmake/drone_controllerConfig.cmake, /home/giovanni/mav_ws/devel/share/drone_controller/cmake/drone_controllerConfig.cmake)
Linked: (/home/giovanni/mav_ws/devel/.private/drone_controller/share/drone_controller/cmake/drone_controller-msg-extras.cmake, /home/giovanni/mav_ws/devel/share/drone_controller/cmake/drone_controller-msg-extras.cmake)
Linked: (/home/giovanni/mav_ws/devel/.private/drone_controller/share/roseus/ros/drone_controller/manifest.l, /home/giovanni/mav_ws/devel/share/roseus/ros/drone_controller/manifest.l)
Linked: (/home/giovanni/mav_ws/devel/.private/drone_controller/share/roseus/ros/drone_controller/srv/TakeOff.l, /home/giovanni/mav_ws/devel/share/roseus/ros/drone_controller/srv/TakeOff.l)
Linked: (/home/giovanni/mav_ws/devel/.private/drone_controller/share/roseus/ros/drone_controller/srv/Land.l, /home/giovanni/mav_ws/devel/share/roseus/ros/drone_controller/srv/Land.l)
Linked: (/home/giovanni/mav_ws/devel/.private/drone_controller/share/roseus/ros/drone_controller/srv/GoHome.l, /home/giovanni/mav_ws/devel/share/roseus/ros/drone_controller/srv/GoHome.l)
Linked: (/home/giovanni/mav_ws/devel/.private/drone_controller/share/roseus/ros/drone_controller/srv/GoToPoint.l, /home/giovanni/mav_ws/devel/share/roseus/ros/drone_controller/srv/GoToPoint.l)
Linked: (/home/giovanni/mav_ws/devel/.private/drone_controller/lib/python3/dist-packages/drone_controller/__init__.py, /home/giovanni/mav_ws/devel/lib/python3/dist-packages/drone_controller/__init__.py)
Linked: (/home/giovanni/mav_ws/devel/.private/drone_controller/lib/python3/dist-packages/drone_controller/srv/_Land.py, /home/giovanni/mav_ws/devel/lib/python3/dist-packages/drone_controller/srv/_Land.py)
Linked: (/home/giovanni/mav_ws/devel/.private/drone_controller/lib/python3/dist-packages/drone_controller/srv/_GoHome.py, /home/giovanni/mav_ws/devel/lib/python3/dist-packages/drone_controller/srv/_GoHome.py)
Linked: (/home/giovanni/mav_ws/devel/.private/drone_controller/lib/python3/dist-packages/drone_controller/srv/_TakeOff.py, /home/giovanni/mav_ws/devel/lib/python3/dist-packages/drone_controller/srv/_TakeOff.py)
Linked: (/home/giovanni/mav_ws/devel/.private/drone_controller/lib/python3/dist-packages/drone_controller/srv/_GoToPoint.py, /home/giovanni/mav_ws/devel/lib/python3/dist-packages/drone_controller/srv/_GoToPoint.py)
Linked: (/home/giovanni/mav_ws/devel/.private/drone_controller/lib/python3/dist-packages/drone_controller/srv/__init__.py, /home/giovanni/mav_ws/devel/lib/python3/dist-packages/drone_controller/srv/__init__.py)
Linked: (/home/giovanni/mav_ws/devel/.private/drone_controller/lib/python3/dist-packages/drone_controller/cfg/ParamsConfig.py, /home/giovanni/mav_ws/devel/lib/python3/dist-packages/drone_controller/cfg/ParamsConfig.py)
Linked: (/home/giovanni/mav_ws/devel/.private/drone_controller/lib/python3/dist-packages/drone_controller/cfg/__init__.py, /home/giovanni/mav_ws/devel/lib/python3/dist-packages/drone_controller/cfg/__init__.py)
Linked: (/home/giovanni/mav_ws/devel/.private/drone_controller/lib/pkgconfig/drone_controller.pc, /home/giovanni/mav_ws/devel/lib/pkgconfig/drone_controller.pc)
Linked: (/home/giovanni/mav_ws/devel/.private/drone_controller/include/drone_controller/ParamsConfig.h, /home/giovanni/mav_ws/devel/include/drone_controller/ParamsConfig.h)
Linked: (/home/giovanni/mav_ws/devel/.private/drone_controller/include/drone_controller/GoHomeResponse.h, /home/giovanni/mav_ws/devel/include/drone_controller/GoHomeResponse.h)
Linked: (/home/giovanni/mav_ws/devel/.private/drone_controller/include/drone_controller/TakeOff.h, /home/giovanni/mav_ws/devel/include/drone_controller/TakeOff.h)
Linked: (/home/giovanni/mav_ws/devel/.private/drone_controller/include/drone_controller/TakeOffResponse.h, /home/giovanni/mav_ws/devel/include/drone_controller/TakeOffResponse.h)
Linked: (/home/giovanni/mav_ws/devel/.private/drone_controller/include/drone_controller/LandRequest.h, /home/giovanni/mav_ws/devel/include/drone_controller/LandRequest.h)
Linked: (/home/giovanni/mav_ws/devel/.private/drone_controller/include/drone_controller/Land.h, /home/giovanni/mav_ws/devel/include/drone_controller/Land.h)
Linked: (/home/giovanni/mav_ws/devel/.private/drone_controller/include/drone_controller/TakeOffRequest.h, /home/giovanni/mav_ws/devel/include/drone_controller/TakeOffRequest.h)
Linked: (/home/giovanni/mav_ws/devel/.private/drone_controller/include/drone_controller/GoHome.h, /home/giovanni/mav_ws/devel/include/drone_controller/GoHome.h)
Linked: (/home/giovanni/mav_ws/devel/.private/drone_controller/include/drone_controller/GoHomeRequest.h, /home/giovanni/mav_ws/devel/include/drone_controller/GoHomeRequest.h)
Linked: (/home/giovanni/mav_ws/devel/.private/drone_controller/include/drone_controller/GoToPointRequest.h, /home/giovanni/mav_ws/devel/include/drone_controller/GoToPointRequest.h)
Linked: (/home/giovanni/mav_ws/devel/.private/drone_controller/include/drone_controller/GoToPointResponse.h, /home/giovanni/mav_ws/devel/include/drone_controller/GoToPointResponse.h)
Linked: (/home/giovanni/mav_ws/devel/.private/drone_controller/include/drone_controller/GoToPoint.h, /home/giovanni/mav_ws/devel/include/drone_controller/GoToPoint.h)
Linked: (/home/giovanni/mav_ws/devel/.private/drone_controller/include/drone_controller/LandResponse.h, /home/giovanni/mav_ws/devel/include/drone_controller/LandResponse.h)
