[  0%] Built target actionlib_msgs_generate_messages_nodejs
[  0%] Built target trajectory_msgs_generate_messages_nodejs
[  0%] Built target visualization_msgs_generate_messages_py
[  0%] Built target tf_generate_messages_nodejs
[  0%] Built target visualization_msgs_generate_messages_nodejs
[  0%] Built target visualization_msgs_generate_messages_lisp
[  0%] Built target tf_generate_messages_cpp
[  2%] [32m[1mLinking CXX executable /home/giovanni/mav_ws/devel/.private/mavros_extras/lib/mavros_extras/servo_state_publisher[0m
[  2%] Built target trajectory_msgs_generate_messages_cpp
[  2%] Built target actionlib_generate_messages_cpp
[  2%] Built target tf2_msgs_generate_messages_cpp
[  2%] Built target tf2_msgs_generate_messages_nodejs
[  2%] Built target trajectory_msgs_generate_messages_lisp
[  2%] Built target actionlib_generate_messages_nodejs
[  2%] Built target tf2_msgs_generate_messages_lisp
[  2%] Built target tf_generate_messages_eus
[  2%] Built target rosgraph_msgs_generate_messages_lisp
[  2%] Built target roscpp_generate_messages_py
[  2%] Built target nav_msgs_generate_messages_cpp
[  2%] Built target trajectory_msgs_generate_messages_eus
[  2%] Built target actionlib_msgs_generate_messages_eus
[  2%] Built target visualization_msgs_generate_messages_eus
[  2%] Built target diagnostic_msgs_generate_messages_lisp
[  2%] Built target std_msgs_generate_messages_nodejs
[  2%] Built target diagnostic_msgs_generate_messages_eus
[  2%] Built target actionlib_generate_messages_py
[  2%] Built target std_msgs_generate_messages_cpp
[  2%] Built target geometry_msgs_generate_messages_eus
[  2%] Built target nav_msgs_generate_messages_eus
[  2%] Built target roscpp_generate_messages_cpp
[  2%] Built target sensor_msgs_generate_messages_py
[  2%] Built target tf_generate_messages_lisp
[  2%] Built target nav_msgs_generate_messages_py
[  2%] Built target std_msgs_generate_messages_py
[  2%] Built target geometry_msgs_generate_messages_py
[  2%] Built target tf2_msgs_generate_messages_eus
[  2%] Built target mavros_msgs_generate_messages_eus
[  2%] Built target diagnostic_msgs_generate_messages_cpp
[  2%] Built target roscpp_generate_messages_lisp
[  2%] Built target actionlib_generate_messages_lisp
[  2%] Built target rosgraph_msgs_generate_messages_py
[  2%] Built target geometry_msgs_generate_messages_cpp
[  2%] Built target geometry_msgs_generate_messages_nodejs
[  2%] Built target roscpp_generate_messages_nodejs
[  2%] Built target diagnostic_msgs_generate_messages_nodejs
[  2%] Built target actionlib_generate_messages_eus
[  2%] Built target rosgraph_msgs_generate_messages_cpp
[  2%] Built target trajectory_msgs_generate_messages_py
[  2%] Built target uuid_msgs_generate_messages_lisp
[  2%] Built target geometry_msgs_generate_messages_lisp
[  2%] Built target roscpp_generate_messages_eus
[  2%] Built target rosgraph_msgs_generate_messages_nodejs
[  2%] Built target std_msgs_generate_messages_lisp
[  2%] Built target uuid_msgs_generate_messages_eus
[  2%] Built target mavros_msgs_generate_messages_py
[  2%] Built target uuid_msgs_generate_messages_cpp
[  2%] Built target geographic_msgs_generate_messages_cpp
[  2%] Built target nav_msgs_generate_messages_nodejs
[  2%] Built target rosgraph_msgs_generate_messages_eus
[  2%] Built target diagnostic_msgs_generate_messages_py
[  2%] Built target geographic_msgs_generate_messages_eus
[  2%] Built target geographic_msgs_generate_messages_lisp
[  2%] Built target sensor_msgs_generate_messages_cpp
[  2%] Built target geographic_msgs_generate_messages_nodejs
[  2%] Built target geographic_msgs_generate_messages_py
[  2%] Built target uuid_msgs_generate_messages_nodejs
[  2%] Built target sensor_msgs_generate_messages_eus
[  2%] Built target visualization_msgs_generate_messages_cpp
[  2%] Built target sensor_msgs_generate_messages_lisp
[  2%] Built target uuid_msgs_generate_messages_py
[  2%] Built target tf2_msgs_generate_messages_py
[  2%] Built target mavros_msgs_generate_messages_cpp
[  2%] Built target actionlib_msgs_generate_messages_py
[  2%] Built target sensor_msgs_generate_messages_nodejs
[  2%] Built target mavros_msgs_generate_messages_nodejs
[  2%] Built target mavros_msgs_generate_messages_lisp
[  2%] Built target nav_msgs_generate_messages_lisp
[  2%] Built target actionlib_msgs_generate_messages_cpp
[  2%] Built target std_msgs_generate_messages_eus
[  2%] Built target tf_generate_messages_py
[  2%] Built target actionlib_msgs_generate_messages_lisp
[  5%] Built target servo_state_publisher
[  8%] [32m[1mLinking CXX executable /home/giovanni/mav_ws/devel/.private/mavros_extras/lib/mavros_extras/visualization[0m
[ 10%] Built target visualization
[ 13%] [32m[1mLinking CXX shared library /home/giovanni/mav_ws/devel/.private/mavros_extras/lib/libmavros_extras.so[0m
[100%] Built target mavros_extras
